# JRE version: Java(TM) SE Runtime Environment 18.9 (11.0.15+8) (build 11.0.15+8-LTS-149)
# Java VM: Java HotSpot(TM) 64-Bit Server VM 18.9 (11.0.15+8-LTS-149, mixed mode, tiered, compressed oops, g1 gc, windows-amd64)
Heap:
 garbage-first heap   total 157696K, used 30854K [0x0000000081c00000, 0x0000000100000000)
  region size 1024K, 21 young (21504K), 4 survivors (4096K)
 Metaspace       used 22492K, capacity 23354K, committed 23728K, reserved 1071104K
  class space    used 2363K, capacity 2698K, committed 2816K, reserved 1048576K
GC Heap History (10 events):
Event: 1.193 GC heap before
{Heap before GC invocations=0 (full 0):
 garbage-first heap   total 131072K, used 16384K [0x0000000081c00000, 0x0000000100000000)
  region size 1024K, 14 young (14336K), 0 survivors (0K)
 Metaspace       used 11946K, capacity 12090K, committed 12160K, reserved 1060864K
  class space    used 1050K, capacity 1094K, committed 1152K, reserved 1048576K
}
Event: 1.200 GC heap after
{Heap after GC invocations=1 (full 0):
 garbage-first heap   total 131072K, used 2952K [0x0000000081c00000, 0x0000000100000000)
  region size 1024K, 2 young (2048K), 2 survivors (2048K)
 Metaspace       used 11946K, capacity 12090K, committed 12160K, reserved 1060864K
  class space    used 1050K, capacity 1094K, committed 1152K, reserved 1048576K
}
Event: 1.399 GC heap before
{Heap before GC invocations=1 (full 0):
 garbage-first heap   total 131072K, used 7048K [0x0000000081c00000, 0x0000000100000000)
  region size 1024K, 6 young (6144K), 2 survivors (2048K)
 Metaspace       used 13385K, capacity 13586K, committed 13824K, reserved 1062912K
  class space    used 1199K, capacity 1277K, committed 1280K, reserved 1048576K
}
Event: 1.406 GC heap after
{Heap after GC invocations=2 (full 0):
 garbage-first heap   total 131072K, used 4508K [0x0000000081c00000, 0x0000000100000000)
  region size 1024K, 1 young (1024K), 1 survivors (1024K)
 Metaspace       used 13385K, capacity 13586K, committed 13824K, reserved 1062912K
  class space    used 1199K, capacity 1277K, committed 1280K, reserved 1048576K
}
Event: 1.959 GC heap before
{Heap before GC invocations=2 (full 0):
 garbage-first heap   total 131072K, used 15772K [0x0000000081c00000, 0x0000000100000000)
  region size 1024K, 13 young (13312K), 1 survivors (1024K)
 Metaspace       used 16540K, capacity 16815K, committed 17152K, reserved 1064960K
  class space    used 1579K, capacity 1697K, committed 1792K, reserved 1048576K
}
Event: 1.968 GC heap after
{Heap after GC invocations=3 (full 0):
 garbage-first heap   total 131072K, used 6599K [0x0000000081c00000, 0x0000000100000000)
  region size 1024K, 2 young (2048K), 2 survivors (2048K)
 Metaspace       used 16540K, capacity 16815K, committed 17152K, reserved 1064960K
  class space    used 1579K, capacity 1697K, committed 1792K, reserved 1048576K
}
Event: 2.769 GC heap before
{Heap before GC invocations=3 (full 0):
 garbage-first heap   total 131072K, used 31175K [0x0000000081c00000, 0x0000000100000000)
  region size 1024K, 26 young (26624K), 2 survivors (2048K)
 Metaspace       used 18554K, capacity 19171K, committed 19328K, reserved 1067008K
  class space    used 1874K, capacity 2149K, committed 2176K, reserved 1048576K
}
Event: 2.786 GC heap after
{Heap after GC invocations=4 (full 0):
 garbage-first heap   total 131072K, used 10759K [0x0000000081c00000, 0x0000000100000000)
  region size 1024K, 4 young (4096K), 4 survivors (4096K)
 Metaspace       used 18554K, capacity 19171K, committed 19328K, reserved 1067008K
  class space    used 1874K, capacity 2149K, committed 2176K, reserved 1048576K
}
Event: 3.187 GC heap before
{Heap before GC invocations=4 (full 0):
 garbage-first heap   total 131072K, used 35335K [0x0000000081c00000, 0x0000000100000000)
  region size 1024K, 29 young (29696K), 4 survivors (4096K)
 Metaspace       used 20501K, capacity 21179K, committed 21296K, reserved 1069056K
  class space    used 2065K, capacity 2371K, committed 2432K, reserved 1048576K
}
Event: 3.208 GC heap after
{Heap after GC invocations=5 (full 0):
 garbage-first heap   total 157696K, used 14470K [0x0000000081c00000, 0x0000000100000000)
  region size 1024K, 4 young (4096K), 4 survivors (4096K)
 Metaspace       used 20501K, capacity 21179K, committed 21296K, reserved 1069056K
  class space    used 2065K, capacity 2371K, committed 2432K, reserved 1048576K
}

