# JRE version: Java(TM) SE Runtime Environment 18.9 (11.0.15+8) (build 11.0.15+8-LTS-149)
# Java VM: Java HotSpot(TM) 64-Bit Server VM 18.9 (11.0.15+8-LTS-149, mixed mode, tiered, compressed oops, g1 gc, windows-amd64)
Heap:
 garbage-first heap   total 157696K, used 14906K [0x0000000081c00000, 0x0000000100000000)
  region size 1024K, 4 young (4096K), 4 survivors (4096K)
 Metaspace       used 20489K, capacity 21172K, committed 21296K, reserved 1069056K
  class space    used 2063K, capacity 2371K, committed 2432K, reserved 1048576K
GC Heap History (9 events):
Event: 1.204 GC heap before
{Heap before GC invocations=0 (full 0):
 garbage-first heap   total 131072K, used 16384K [0x0000000081c00000, 0x0000000100000000)
  region size 1024K, 14 young (14336K), 0 survivors (0K)
 Metaspace       used 12375K, capacity 12560K, committed 12800K, reserved 1060864K
  class space    used 1097K, capacity 1166K, committed 1280K, reserved 1048576K
}
Event: 1.216 GC heap after
{Heap after GC invocations=1 (full 0):
 garbage-first heap   total 131072K, used 3762K [0x0000000081c00000, 0x0000000100000000)
  region size 1024K, 2 young (2048K), 2 survivors (2048K)
 Metaspace       used 12375K, capacity 12560K, committed 12800K, reserved 1060864K
  class space    used 1097K, capacity 1166K, committed 1280K, reserved 1048576K
}
Event: 1.433 GC heap before
{Heap before GC invocations=1 (full 0):
 garbage-first heap   total 131072K, used 7858K [0x0000000081c00000, 0x0000000100000000)
  region size 1024K, 6 young (6144K), 2 survivors (2048K)
 Metaspace       used 13364K, capacity 13582K, committed 13824K, reserved 1062912K
  class space    used 1198K, capacity 1277K, committed 1280K, reserved 1048576K
}
Event: 1.438 GC heap after
{Heap after GC invocations=2 (full 0):
 garbage-first heap   total 131072K, used 4427K [0x0000000081c00000, 0x0000000100000000)
  region size 1024K, 1 young (1024K), 1 survivors (1024K)
 Metaspace       used 13364K, capacity 13582K, committed 13824K, reserved 1062912K
  class space    used 1198K, capacity 1277K, committed 1280K, reserved 1048576K
}
Event: 2.268 GC heap before
{Heap before GC invocations=2 (full 0):
 garbage-first heap   total 131072K, used 20811K [0x0000000081c00000, 0x0000000100000000)
  region size 1024K, 18 young (18432K), 1 survivors (1024K)
 Metaspace       used 17067K, capacity 17414K, committed 17664K, reserved 1064960K
  class space    used 1637K, capacity 1749K, committed 1792K, reserved 1048576K
}
Event: 2.279 GC heap after
{Heap after GC invocations=3 (full 0):
 garbage-first heap   total 131072K, used 7719K [0x0000000081c00000, 0x0000000100000000)
  region size 1024K, 3 young (3072K), 3 survivors (3072K)
 Metaspace       used 17067K, capacity 17414K, committed 17664K, reserved 1064960K
  class space    used 1637K, capacity 1749K, committed 1792K, reserved 1048576K
}
Event: 3.028 GC heap before
{Heap before GC invocations=3 (full 0):
 garbage-first heap   total 131072K, used 31271K [0x0000000081c00000, 0x0000000100000000)
  region size 1024K, 26 young (26624K), 3 survivors (3072K)
 Metaspace       used 19573K, capacity 20215K, committed 20480K, reserved 1067008K
  class space    used 1990K, capacity 2286K, committed 2304K, reserved 1048576K
}
Event: 3.046 GC heap after
{Heap after GC invocations=4 (full 0):
 garbage-first heap   total 131072K, used 11179K [0x0000000081c00000, 0x0000000100000000)
  region size 1024K, 4 young (4096K), 4 survivors (4096K)
 Metaspace       used 19573K, capacity 20215K, committed 20480K, reserved 1067008K
  class space    used 1990K, capacity 2286K, committed 2304K, reserved 1048576K
}
Event: 3.334 GC heap before
{Heap before GC invocations=4 (full 0):
 garbage-first heap   total 131072K, used 30635K [0x0000000081c00000, 0x0000000100000000)
  region size 1024K, 24 young (24576K), 4 survivors (4096K)
 Metaspace       used 20489K, capacity 21172K, committed 21296K, reserved 1069056K
  class space    used 2063K, capacity 2371K, committed 2432K, reserved 1048576K
}

