# JRE version: Java(TM) SE Runtime Environment 18.9 (11.0.15+8) (build 11.0.15+8-LTS-149)
# Java VM: Java HotSpot(TM) 64-Bit Server VM 18.9 (11.0.15+8-LTS-149, mixed mode, tiered, compressed oops, g1 gc, windows-amd64)
Heap:
 garbage-first heap   total 157696K, used 24703K [0x0000000081c00000, 0x0000000100000000)
  region size 1024K, 12 young (12288K), 6 survivors (6144K)
 Metaspace       used 30313K, capacity 31428K, committed 31664K, reserved 1077248K
  class space    used 3469K, capacity 4003K, committed 4096K, reserved 1048576K
GC Heap History (10 events):
Event: 2.498 GC heap before
{Heap before GC invocations=2 (full 0):
 garbage-first heap   total 131072K, used 19003K [0x0000000081c00000, 0x0000000100000000)
  region size 1024K, 15 young (15360K), 1 survivors (1024K)
 Metaspace       used 17039K, capacity 17346K, committed 17408K, reserved 1064960K
  class space    used 1634K, capacity 1746K, committed 1792K, reserved 1048576K
}
Event: 2.508 GC heap after
{Heap after GC invocations=3 (full 0):
 garbage-first heap   total 131072K, used 7357K [0x0000000081c00000, 0x0000000100000000)
  region size 1024K, 2 young (2048K), 2 survivors (2048K)
 Metaspace       used 17039K, capacity 17346K, committed 17408K, reserved 1064960K
  class space    used 1634K, capacity 1746K, committed 1792K, reserved 1048576K
}
Event: 3.299 GC heap before
{Heap before GC invocations=3 (full 0):
 garbage-first heap   total 131072K, used 28861K [0x0000000081c00000, 0x0000000100000000)
  region size 1024K, 23 young (23552K), 2 survivors (2048K)
 Metaspace       used 19278K, capacity 19993K, committed 20224K, reserved 1067008K
  class space    used 1966K, capacity 2254K, committed 2304K, reserved 1048576K
}
Event: 3.315 GC heap after
{Heap after GC invocations=4 (full 0):
 garbage-first heap   total 131072K, used 10541K [0x0000000081c00000, 0x0000000100000000)
  region size 1024K, 3 young (3072K), 3 survivors (3072K)
 Metaspace       used 19278K, capacity 19993K, committed 20224K, reserved 1067008K
  class space    used 1966K, capacity 2254K, committed 2304K, reserved 1048576K
}
Event: 3.523 GC heap before
{Heap before GC invocations=4 (full 0):
 garbage-first heap   total 131072K, used 16685K [0x0000000081c00000, 0x0000000100000000)
  region size 1024K, 11 young (11264K), 3 survivors (3072K)
 Metaspace       used 20548K, capacity 21193K, committed 21296K, reserved 1069056K
  class space    used 2076K, capacity 2400K, committed 2432K, reserved 1048576K
}
Event: 3.537 GC heap after
{Heap after GC invocations=5 (full 0):
 garbage-first heap   total 157696K, used 12818K [0x0000000081c00000, 0x0000000100000000)
  region size 1024K, 4 young (4096K), 4 survivors (4096K)
 Metaspace       used 20548K, capacity 21193K, committed 21296K, reserved 1069056K
  class space    used 2076K, capacity 2400K, committed 2432K, reserved 1048576K
}
Event: 4.302 GC heap before
{Heap before GC invocations=6 (full 0):
 garbage-first heap   total 157696K, used 40466K [0x0000000081c00000, 0x0000000100000000)
  region size 1024K, 31 young (31744K), 4 survivors (4096K)
 Metaspace       used 23110K, capacity 23932K, committed 24240K, reserved 1071104K
  class space    used 2418K, capacity 2722K, committed 2816K, reserved 1048576K
}
Event: 4.318 GC heap after
{Heap after GC invocations=7 (full 0):
 garbage-first heap   total 157696K, used 15549K [0x0000000081c00000, 0x0000000100000000)
  region size 1024K, 4 young (4096K), 4 survivors (4096K)
 Metaspace       used 23110K, capacity 23932K, committed 24240K, reserved 1071104K
  class space    used 2418K, capacity 2722K, committed 2816K, reserved 1048576K
}
Event: 6.517 GC heap before
{Heap before GC invocations=7 (full 0):
 garbage-first heap   total 157696K, used 58557K [0x0000000081c00000, 0x0000000100000000)
  region size 1024K, 46 young (47104K), 4 survivors (4096K)
 Metaspace       used 29134K, capacity 30285K, committed 30384K, reserved 1075200K
  class space    used 3229K, capacity 3747K, committed 3840K, reserved 1048576K
}
Event: 6.537 GC heap after
{Heap after GC invocations=8 (full 0):
 garbage-first heap   total 157696K, used 20607K [0x0000000081c00000, 0x0000000100000000)
  region size 1024K, 6 young (6144K), 6 survivors (6144K)
 Metaspace       used 29134K, capacity 30285K, committed 30384K, reserved 1075200K
  class space    used 3229K, capacity 3747K, committed 3840K, reserved 1048576K
}

